<?xml version="1.0" encoding="UTF-8"?>
<testsuite xmlns:xsi="http://www.w3.org/2001/XMLSchema-instance" xsi:noNamespaceSchemaLocation="https://maven.apache.org/surefire/maven-surefire-plugin/xsd/surefire-test-report-3.0.xsd" version="3.0" name="schemacrawler.integration.test.DiffTest" time="1.085" tests="3" errors="0" skipped="0" failures="0">
  <properties>
[...]
</properties>
  <testcase name="diffCatalog(TestContext)" classname="schemacrawler.integration.test.DiffTest" time="0.912">
    <system-err><![CDATA[SLF4J: Failed to load class "org.slf4j.impl.StaticLoggerBinder".
SLF4J: Defaulting to no-operation (NOP) logger implementation
SLF4J: See http://www.slf4j.org/codes.html#StaticLoggerBinder for further details.
]]></system-err>
  </testcase>
  <testcase name="printSchema1(TestContext)" classname="schemacrawler.integration.test.DiffTest" time="0.088"/>
  <testcase name="printSchema2(TestContext)" classname="schemacrawler.integration.test.DiffTest" time="0.047"/>
</testsuite>